2024-08-14 21:49:25 info: Server started on port 3000
2024-08-14 21:49:25 info: Conectado ao MongoDB
2024-08-14 21:50:40 info: Server started on port 3000
2024-08-14 21:50:40 info: Conectado ao MongoDB
2024-08-14 21:52:42 error: GET / - Failed to lookup view "index" in views directory "C:\xampp\htdocs\medical-system\views"
2024-08-14 22:00:47 error: GET / - Failed to lookup view "index" in views directory "C:\xampp\htdocs\medical-system\views"
2024-08-14 22:01:35 info: Server started on port 3000
2024-08-14 22:01:35 info: Conectado ao MongoDB
2024-08-14 22:07:06 info: Server started on port 3000
2024-08-14 22:07:06 info: Conectado ao MongoDB
2024-08-14 22:07:41 error: Erro ao adicionar paciente: Patient validation failed: email: Path `email` is required., phoneNumber: Path `phoneNumber` is required., address: Path `address` is required., age: Path `age` is required.
2024-08-14 22:08:44 error: Error adding doctor: Error while adding doctor: Doctor validation failed: email: Path `email` is required., phoneNumber: Path `phoneNumber` is required., specialty: Path `specialty` is required., name: Path `name` is required.
2024-08-14 22:09:23 error: Erro ao adicionar caso de pronto-socorro: EmergencyCase validation failed: patient: Cast to ObjectId failed for value "1234" (type string) at path "patient" because of "BSONError", doctor: Path `doctor` is required.
2024-08-14 22:15:22 info: Server started on port 3000
2024-08-14 22:15:22 info: Conectado ao MongoDB
2024-08-14 22:15:57 error: Erro ao adicionar médico: Cannot destructure property 'name' of 'req.body' as it is undefined.
2024-08-14 22:17:45 error: Erro ao adicionar caso de pronto-socorro: EmergencyCase validation failed: patient: Cast to ObjectId failed for value "1" (type string) at path "patient" because of "BSONError", doctor: Cast to ObjectId failed for value "1" (type string) at path "doctor" because of "BSONError"
2024-08-14 23:46:29 info: Servidor rodando na porta 3000
2024-08-14 23:46:29 info: Conectado ao MongoDB
2024-08-14 23:46:29 info: Conectado ao MongoDB
2024-08-14 23:47:30 info: Servidor rodando na porta 3000
2024-08-14 23:47:30 info: Conectado ao MongoDB
2024-08-14 23:47:30 info: Conectado ao MongoDB
2024-08-14 23:47:49 error: GET /doctors - Failed to lookup view "doctor/list" in views directory "C:\xampp\htdocs\medical-system\views"
2024-08-14 23:54:36 info: Servidor rodando na porta 3000
2024-08-14 23:54:36 info: Conectado ao MongoDB
2024-08-14 23:54:36 info: Conectado ao MongoDB
2024-08-14 23:55:16 error: GET /doctors - Failed to lookup view "doctor/list" in views directory "C:\xampp\htdocs\medical-system\views"
2024-08-15 00:02:04 info: Servidor rodando na porta 3000
2024-08-15 00:02:04 info: Conectado ao MongoDB
2024-08-15 00:02:04 info: Conectado ao MongoDB
2024-08-15 00:10:19 info: Servidor rodando na porta 3000
2024-08-15 00:10:19 info: Conectado ao MongoDB
2024-08-15 00:10:19 info: Conectado ao MongoDB
2024-08-15 00:17:34 info: Servidor rodando na porta 3000
2024-08-15 00:17:34 info: Conectado ao MongoDB
2024-08-15 00:17:34 info: Conectado ao MongoDB
2024-08-15 00:19:06 error: GET /patients/edit/66bd737de944ad530817bf54 - C:\xampp\htdocs\medical-system\views\patients\edit.ejs:7
    5|     <br>
    6|     <label for="dateOfBirth">Data de Nascimento:</label>
 >> 7|     <input type="date" id="dateOfBirth" name="dateOfBirth" value="<%= patient.dateOfBirth.toISOString().substring(0, 10) %>" required>
    8|     <br>
    9|     <label for="email">Email:</label>
    10|     <input type="email" id="email" name="email" value="<%= patient.email %>" required>

Cannot read properties of undefined (reading 'toISOString')
2024-08-15 00:26:07 info: Servidor rodando na porta 3000
2024-08-15 00:26:07 info: Conectado ao MongoDB
2024-08-15 00:26:07 info: Conectado ao MongoDB
2024-08-15 00:27:44 error: GET /patients/edit/66bd749de944ad530817bf73 - C:\xampp\htdocs\medical-system\views\patients\edit.ejs:7
    5|     <br>
    6|     <label for="dateOfBirth">Data de Nascimento:</label>
 >> 7|     <input type="date" id="dateOfBirth" name="dateOfBirth" value="<%= patient.dateOfBirth.toISOString().substring(0, 10) %>" required>
    8|     <br>
    9|     <label for="email">Email:</label>
    10|     <input type="email" id="email" name="email" value="<%= patient.email %>" required>

Cannot read properties of undefined (reading 'toISOString')
2024-08-15 00:33:23 info: Servidor rodando na porta 3000
2024-08-15 00:33:23 info: Conectado ao MongoDB
2024-08-15 00:33:23 info: Conectado ao MongoDB
2024-08-15 08:18:44 info: Servidor rodando na porta 3000
2024-08-15 08:18:44 info: Conectado ao MongoDB
2024-08-15 08:18:44 info: Conectado ao MongoDB
2024-08-15 08:54:18 info: Servidor rodando na porta 3000
2024-08-15 08:54:18 info: Conectado ao MongoDB
2024-08-15 08:54:18 info: Conectado ao MongoDB
2024-08-15 08:58:55 error: GET /auth/google/callback?code=4/0AcvDMrDZi4NqXyBLfBxrK7zCEF2FJu5cryfLoinInyXMAArAZA3i-uloaXQuBtCdzBV-pA&scope=email%20profile%20openid%20https://www.googleapis.com/auth/userinfo.profile%20https://www.googleapis.com/auth/userinfo.email&authuser=0&prompt=consent - User validation failed: email: Path `email` is required., displayName: Path `displayName` is required.
2024-08-15 09:16:35 info: Servidor rodando na porta 3000
2024-08-15 09:16:35 info: Conectado ao MongoDB
2024-08-15 09:16:35 info: Conectado ao MongoDB
2024-08-15 09:16:58 error: GET / - User is not defined
2024-08-15 09:20:41 info: Servidor rodando na porta 3000
2024-08-15 09:20:41 info: Conectado ao MongoDB
2024-08-15 09:20:41 info: Conectado ao MongoDB
2024-08-15 09:24:04 info: Servidor rodando na porta 3000
2024-08-15 09:24:04 info: Conectado ao MongoDB
2024-08-15 09:24:04 info: Conectado ao MongoDB
2024-08-15 09:57:31 error: GET /emergencies - C:\xampp\htdocs\medical-system\views\emergencies\list.ejs:17
    15|         <td><%= emergency.description %></td>
    16|         <td><%= emergency.patient.name %></td>
 >> 17|         <td><%= emergency.doctor.name %></td>
    18|         <td>
    19|           <a href="/emergencies/edit/<%= emergency._id %>">Editar</a>
    20|           <form action="/emergencies/delete/<%= emergency._id %>" method="POST" style="display:inline;">

Cannot read properties of null (reading 'name')
2024-08-16 08:09:08 info: Servidor rodando na porta 3000
2024-08-16 08:09:08 info: Conectado ao MongoDB
2024-08-16 08:09:08 info: Conectado ao MongoDB
2024-08-16 08:13:09 error: GET /emergencies - C:\xampp\htdocs\medical-system\views\emergencies\list.ejs:17
    15|         <td><%= emergency.description %></td>
    16|         <td><%= emergency.patient.name %></td>
 >> 17|         <td><%= emergency.doctor.name %></td>
    18|         <td>
    19|           <a href="/emergencies/edit/<%= emergency._id %>">Editar</a>
    20|           <form action="/emergencies/delete/<%= emergency._id %>" method="POST" style="display:inline;">

Cannot read properties of null (reading 'name')
2024-08-16 08:15:23 error: GET /emergencies - C:\xampp\htdocs\medical-system\views\emergencies\list.ejs:17
    15|         <td><%= emergency.description %></td>
    16|         <td><%= emergency.patient.name %></td>
 >> 17|         <td><%= emergency.doctor.name %></td>
    18|         <td>
    19|           <a href="/emergencies/edit/<%= emergency._id %>">Editar</a>
    20|           <form action="/emergencies/delete/<%= emergency._id %>" method="POST" style="display:inline;">

Cannot read properties of null (reading 'name')
2024-08-16 08:17:05 error: GET /emergencies - C:\xampp\htdocs\medical-system\views\emergencies\list.ejs:17
    15|         <td><%= emergency.description %></td>
    16|         <td><%= emergency.patient.name %></td>
 >> 17|         <td><%= emergency.doctor.name %></td>
    18|         <td>
    19|           <a href="/emergencies/edit/<%= emergency._id %>">Editar</a>
    20|           <form action="/emergencies/delete/<%= emergency._id %>" method="POST" style="display:inline;">

Cannot read properties of null (reading 'name')
2024-08-16 08:18:40 error: GET /emergencies - C:\xampp\htdocs\medical-system\views\emergencies\list.ejs:17
    15|         <td><%= emergency.description %></td>
    16|         <td><%= emergency.patient.name %></td>
 >> 17|         <td><%= emergency.doctor.name %></td>
    18|         <td>
    19|           <a href="/emergencies/edit/<%= emergency._id %>">Editar</a>
    20|           <form action="/emergencies/delete/<%= emergency._id %>" method="POST" style="display:inline;">

Cannot read properties of null (reading 'name')
2024-08-16 08:19:22 info: Servidor rodando na porta 3000
2024-08-16 08:19:22 info: Conectado ao MongoDB
2024-08-16 08:19:22 info: Conectado ao MongoDB
2024-08-16 08:20:01 error: GET /emergencies - C:\xampp\htdocs\medical-system\views\emergencies\list.ejs:17
    15|         <td><%= emergency.description %></td>
    16|         <td><%= emergency.patient.name %></td>
 >> 17|         <td><%= emergency.doctor.name %></td>
    18|         <td>
    19|           <a href="/emergencies/edit/<%= emergency._id %>">Editar</a>
    20|           <form action="/emergencies/delete/<%= emergency._id %>" method="POST" style="display:inline;">

Cannot read properties of null (reading 'name')
2024-08-16 08:26:56 info: Servidor rodando na porta 3000
2024-08-16 08:26:56 info: Conectado ao MongoDB
2024-08-16 08:26:56 info: Conectado ao MongoDB
2024-08-16 08:27:52 error: GET /emergencies - C:\xampp\htdocs\medical-system\views\emergencies\list.ejs:17
    15|         <td><%= emergency.description %></td>
    16|         <td><%= emergency.patient.name %></td>
 >> 17|         <td><%= emergency.doctor.name %></td>
    18|         <td>
    19|           <a href="/emergencies/edit/<%= emergency._id %>">Editar</a>
    20|           <form action="/emergencies/delete/<%= emergency._id %>" method="POST" style="display:inline;">

Cannot read properties of null (reading 'name')
2024-08-16 08:32:34 info: Servidor rodando na porta 3000
2024-08-16 08:32:34 info: Conectado ao MongoDB
2024-08-16 08:32:34 info: Conectado ao MongoDB
2024-08-16 08:37:48 error: GET /emergencies - C:\xampp\htdocs\medical-system\views\emergencies\list.ejs:16
    14|       <tr>
    15|         <td><%= emergency.description %></td>
 >> 16|         <td><%= emergency.patient.name %></td>
    17|         <td><%= emergency.doctor.name %></td>
    18|         <td>
    19|           <a href="/emergencies/edit/<%= emergency._id %>">Editar</a>

Cannot read properties of null (reading 'name')
2024-08-16 08:38:01 error: GET /emergencies - C:\xampp\htdocs\medical-system\views\emergencies\list.ejs:16
    14|       <tr>
    15|         <td><%= emergency.description %></td>
 >> 16|         <td><%= emergency.patient.name %></td>
    17|         <td><%= emergency.doctor.name %></td>
    18|         <td>
    19|           <a href="/emergencies/edit/<%= emergency._id %>">Editar</a>

Cannot read properties of null (reading 'name')
2024-08-16 08:38:24 error: GET /emergencies - C:\xampp\htdocs\medical-system\views\emergencies\list.ejs:16
    14|       <tr>
    15|         <td><%= emergency.description %></td>
 >> 16|         <td><%= emergency.patient.name %></td>
    17|         <td><%= emergency.doctor.name %></td>
    18|         <td>
    19|           <a href="/emergencies/edit/<%= emergency._id %>">Editar</a>

Cannot read properties of null (reading 'name')
2024-08-16 08:38:38 error: GET /emergencies - C:\xampp\htdocs\medical-system\views\emergencies\list.ejs:16
    14|       <tr>
    15|         <td><%= emergency.description %></td>
 >> 16|         <td><%= emergency.patient.name %></td>
    17|         <td><%= emergency.doctor.name %></td>
    18|         <td>
    19|           <a href="/emergencies/edit/<%= emergency._id %>">Editar</a>

Cannot read properties of null (reading 'name')
2024-08-16 08:51:31 info: Servidor rodando na porta 3000
2024-08-16 08:51:31 info: Conectado ao MongoDB
2024-08-16 09:00:36 info: Servidor rodando na porta 3000
2024-08-16 09:00:36 info: Conectado ao MongoDB
2024-08-16 09:01:20 info: Servidor rodando na porta 3000
2024-08-16 09:01:20 info: Conectado ao MongoDB
2024-08-16 09:02:57 info: Servidor rodando na porta 3000
2024-08-16 09:02:57 info: Conectado ao MongoDB
2024-08-16 10:01:56 info: Servidor rodando na porta 3000
2024-08-16 10:01:56 info: Conectado ao MongoDB
2024-08-16 10:14:24 error: GET / - Failed to lookup view "index" in views directory "C:\xampp\htdocs\medical-system\views"
2024-08-16 10:15:11 info: Servidor rodando na porta 3000
2024-08-16 10:15:11 info: Conectado ao MongoDB
2024-08-16 10:15:24 error: GET / - Failed to lookup view "index" in views directory "C:\xampp\htdocs\medical-system\views"
2024-08-16 23:06:19 info: Servidor rodando na porta 3000
2024-08-16 23:06:19 info: Conectado ao MongoDB
2024-08-16 23:13:35 info: Servidor rodando na porta 3000
2024-08-16 23:13:35 info: Conectado ao MongoDB
2024-08-17 00:33:34 info: Servidor rodando na porta 3000
2024-08-17 00:33:34 info: Conectado ao MongoDB
2024-08-17 00:36:13 info: Servidor rodando na porta 3000
2024-08-17 00:36:14 info: Conectado ao MongoDB
2024-08-17 00:36:22 error: GET /auth/login - req.flash is not a function
2024-08-17 00:36:38 error: GET /auth/login - req.flash is not a function
2024-08-17 00:47:47 info: Servidor rodando na porta 3000
2024-08-17 00:47:48 info: Conectado ao MongoDB
2024-08-17 01:13:13 info: Servidor rodando na porta 3000
2024-08-17 01:13:13 info: Conectado ao MongoDB
2024-08-17 01:18:14 info: Servidor rodando na porta 3000
2024-08-17 01:18:14 info: Conectado ao MongoDB
2024-08-17 01:31:11 info: Servidor rodando na porta 3000
2024-08-17 01:31:11 info: Conectado ao MongoDB
2024-08-17 01:46:29 info: Servidor rodando na porta 3000
2024-08-17 01:46:29 info: Conectado ao MongoDB
2024-08-17 08:32:26 info: Servidor rodando na porta 3000
2024-08-17 08:32:26 info: Conectado ao MongoDB
2024-08-17 08:59:37 info: Servidor rodando na porta 3000
2024-08-17 08:59:37 info: Conectado ao MongoDB
2024-08-17 09:59:29 info: Servidor rodando na porta 3000
2024-08-17 09:59:29 info: Conectado ao MongoDB
2024-08-17 12:33:06 error: GET /emergencies - C:\xampp\htdocs\medical-system\views\emergencies\list.ejs:17
    15|         <td><%= emergency.description %></td>
    16|         <td><%= emergency.patient.name %></td>
 >> 17|         <td><%= emergency.doctor.name %></td>
    18|         <td>
    19|           <a href="/emergencies/edit/<%= emergency._id %>">Editar</a>
    20|           <form action="/emergencies/delete/<%= emergency._id %>" method="POST" style="display:inline;">

Cannot read properties of null (reading 'name')
2024-08-17 12:33:47 error: GET /emergencies - C:\xampp\htdocs\medical-system\views\emergencies\list.ejs:112
    110|                         <td><%= emergency.description %></td>
    111|                         <td><%= emergency.patient.name %></td>
 >> 112|                         <td><%= emergency.doctor.name %></td>
    113|                         <td>
    114|                           <a href="/emergencies/edit/<%= emergency._id %>" class="btn btn-success btn-sm" data-toggle="modal" ><span class="glyphicon glyphicon-edit"></span> Editar</a>
    115|                         <form action="/emergencies/delete/<%= emergency._id %>" method="POST" style="display:inline;">

Cannot read properties of null (reading 'name')
2024-08-17 12:33:48 error: GET /emergencies - C:\xampp\htdocs\medical-system\views\emergencies\list.ejs:112
    110|                         <td><%= emergency.description %></td>
    111|                         <td><%= emergency.patient.name %></td>
 >> 112|                         <td><%= emergency.doctor.name %></td>
    113|                         <td>
    114|                           <a href="/emergencies/edit/<%= emergency._id %>" class="btn btn-success btn-sm" data-toggle="modal" ><span class="glyphicon glyphicon-edit"></span> Editar</a>
    115|                         <form action="/emergencies/delete/<%= emergency._id %>" method="POST" style="display:inline;">

Cannot read properties of null (reading 'name')
2024-08-17 12:34:08 info: Servidor rodando na porta 3000
2024-08-17 12:34:08 info: Conectado ao MongoDB
2024-08-17 12:34:13 error: GET /emergencies - C:\xampp\htdocs\medical-system\views\emergencies\list.ejs:112
    110|                         <td><%= emergency.description %></td>
    111|                         <td><%= emergency.patient.name %></td>
 >> 112|                         <td><%= emergency.doctor.name %></td>
    113|                         <td>
    114|                           <a href="/emergencies/edit/<%= emergency._id %>" class="btn btn-success btn-sm" data-toggle="modal" ><span class="glyphicon glyphicon-edit"></span> Editar</a>
    115|                         <form action="/emergencies/delete/<%= emergency._id %>" method="POST" style="display:inline;">

Cannot read properties of null (reading 'name')
2024-08-17 12:35:11 error: GET /emergencies/ - C:\xampp\htdocs\medical-system\views\emergencies\list.ejs:111
    109|                         <td><%= emergency.description %></td>
    110|                         <td><%= emergency.patient.name %></td>
 >> 111|                         <td><%= emergency.doctor.name %></td>
    112|                         <td>
    113|                           <a href="/emergencies/edit/<%= emergency._id %>" class="btn btn-success btn-sm" data-toggle="modal" ><span class="glyphicon glyphicon-edit"></span> Editar</a>
    114|                         <form action="/emergencies/delete/<%= emergency._id %>" method="POST" style="display:inline;">

Cannot read properties of null (reading 'name')
2024-08-17 12:35:15 error: GET /emergencies/ - C:\xampp\htdocs\medical-system\views\emergencies\list.ejs:111
    109|                         <td><%= emergency.description %></td>
    110|                         <td><%= emergency.patient.name %></td>
 >> 111|                         <td><%= emergency.doctor.name %></td>
    112|                         <td>
    113|                           <a href="/emergencies/edit/<%= emergency._id %>" class="btn btn-success btn-sm" data-toggle="modal" ><span class="glyphicon glyphicon-edit"></span> Editar</a>
    114|                         <form action="/emergencies/delete/<%= emergency._id %>" method="POST" style="display:inline;">

Cannot read properties of null (reading 'name')
2024-08-17 12:36:38 error: GET /emergencies - C:\xampp\htdocs\medical-system\views\emergencies\list.ejs:111
    109|                         <td><%= emergency.description %></td>
    110|                         <td><%= emergency.patient.name %></td>
 >> 111|                         <td><%= emergency.doctor.name %></td>
    112|                         <td>
    113|                           <a href="/emergencies/edit/<%= emergency._id %>" class="btn btn-success btn-sm" data-toggle="modal" ><span class="glyphicon glyphicon-edit"></span> Editar</a>
    114|                         <form action="/emergencies/delete/<%= emergency._id %>" method="POST" style="display:inline;">

Cannot read properties of null (reading 'name')
2024-08-17 13:19:43 error: GET /emergencies - C:\xampp\htdocs\medical-system\views\emergencies\list.ejs:111
    109|                         <td><%= emergency.description %></td>
    110|                         <td><%= emergency.patient.name %></td>
 >> 111|                         <td><%= emergency.doctor.name %></td>
    112|                         <td>
    113|                           <a href="/emergencies/edit/<%= emergency._id %>" class="btn btn-success btn-sm" data-toggle="modal" ><span class="glyphicon glyphicon-edit"></span> Editar</a>
    114|                         <form action="/emergencies/delete/<%= emergency._id %>" method="POST" style="display:inline;">

Cannot read properties of null (reading 'name')
2024-08-17 19:37:39 info: Servidor rodando na porta 3000
2024-08-17 19:37:39 info: Conectado ao MongoDB
2024-08-18 14:40:27 info: Servidor rodando na porta 3000
2024-08-18 14:40:27 info: Conectado ao MongoDB
2024-08-18 14:56:02 error: GET /emergencies - C:\xampp\htdocs\medical-system\views\emergencies\list.ejs:96
    94|                   <td><%= emergency.description %></td>
    95|                   <td><%= emergency.patient.name %></td>
 >> 96|                   <td><%= emergency.doctor.name %></td>
    97|                   <td>
    98|                     <a href="/emergencies/edit/<%= emergency._id %>" class="btn btn-outline-success btn-sm">Editar</a>
    99|                     <form action="/emergencies/delete/<%= emergency._id %>" method="POST" style="display:inline;">

Cannot read properties of null (reading 'name')
2024-08-18 16:56:17 error: GET /emergencies - C:\xampp\htdocs\medical-system\views\emergencies\list.ejs:98
    96|                   <td><%= emergency.description %></td>
    97|                   <td><%= emergency.patient.name %></td>
 >> 98|                   <td><%= emergency.doctor.name %></td>
    99|                   <td>
    100|                     <a href="/emergencies/edit/<%= emergency._id %>" class="btn btn-outline-success btn-sm">Editar</a>
    101|                     <form action="/emergencies/delete/<%= emergency._id %>" method="POST" style="display:inline;">

Cannot read properties of null (reading 'name')
2024-08-18 17:03:48 error: GET /emergencies - C:\xampp\htdocs\medical-system\views\emergencies\list.ejs:105
    103|                     <td><%= emergency.description %></td>
    104|                     <td><%= emergency.patient.name %></td>
 >> 105|                     <td><%= emergency.doctor.name %></td>
    106|                     <td>
    107|                       <a href="/emergencies/edit/<%= emergency._id %>" class="btn btn-outline-success btn-sm">Editar</a>
    108|                       <form action="/emergencies/delete/<%= emergency._id %>" method="POST" style="display:inline;">

Cannot read properties of null (reading 'name')
2024-08-18 17:20:18 error: GET /emergencies - C:\xampp\htdocs\medical-system\views\emergencies\list.ejs:105
    103|                     <td><%= emergency.description %></td>
    104|                     <td><%= emergency.patient.name %></td>
 >> 105|                     <td><%= emergency.doctor.name %></td>
    106|                     <td>
    107|                       <a href="/emergencies/edit/<%= emergency._id %>" class="btn btn-outline-success btn-sm">Editar</a>
    108|                       <form action="/emergencies/delete/<%= emergency._id %>" method="POST" style="display:inline;">

Cannot read properties of null (reading 'name')
2024-08-18 17:55:14 error: GET /emergencies - C:\xampp\htdocs\medical-system\views\emergencies\list.ejs:105
    103|                     <td><%= emergency.description %></td>
    104|                     <td><%= emergency.patient.name %></td>
 >> 105|                     <td><%= emergency.doctor.name %></td>
    106|                     <td>
    107|                       <a href="/emergencies/edit/<%= emergency._id %>" class="btn btn-outline-success btn-sm">Editar</a>
    108|                       <form action="/emergencies/delete/<%= emergency._id %>" method="POST" style="display:inline;">

Cannot read properties of null (reading 'name')
2024-08-18 20:02:28 info: Servidor rodando na porta 3000
2024-08-18 20:02:28 info: Conectado ao MongoDB
2024-08-18 20:03:01 error: GET /emergencies - C:\xampp\htdocs\medical-system\views\emergencies\list.ejs:105
    103|                     <td><%= emergency.description %></td>
    104|                     <td><%= emergency.patient.name %></td>
 >> 105|                     <td><%= emergency.doctor.name %></td>
    106|                     <td>
    107|                       <a href="/emergencies/edit/<%= emergency._id %>" class="btn btn-outline-success btn-sm">Editar</a>
    108|                       <form action="/emergencies/delete/<%= emergency._id %>" method="POST" style="display:inline;">

Cannot read properties of null (reading 'name')
2024-08-18 20:25:40 info: Servidor rodando na porta 3000
2024-08-18 20:25:40 info: Conectado ao MongoDB
2024-08-18 20:27:43 info: Servidor rodando na porta 3000
2024-08-18 20:27:43 info: Conectado ao MongoDB
2024-08-18 20:32:32 info: Servidor rodando na porta 3000
2024-08-18 20:32:32 info: Conectado ao MongoDB
2024-08-18 20:34:23 info: Servidor rodando na porta 3000
2024-08-18 20:34:23 info: Conectado ao MongoDB
2024-08-18 20:36:23 info: Servidor rodando na porta 3000
2024-08-18 20:36:23 info: Conectado ao MongoDB
2024-08-18 20:42:04 info: Servidor rodando na porta 3000
2024-08-18 20:42:04 info: Conectado ao MongoDB
2024-08-18 20:46:26 info: Servidor rodando na porta 3000
2024-08-18 20:46:26 info: Conectado ao MongoDB
2024-08-18 20:47:33 info: Servidor rodando na porta 3000
2024-08-18 20:47:33 info: Conectado ao MongoDB
2024-08-18 20:48:22 info: Servidor rodando na porta 3000
2024-08-18 20:48:22 info: Conectado ao MongoDB
2024-08-18 20:50:38 info: Servidor rodando na porta 3000
2024-08-18 20:50:38 info: Conectado ao MongoDB
2024-08-18 20:51:52 info: Servidor rodando na porta 3000
2024-08-18 20:51:53 info: Conectado ao MongoDB
2024-08-18 20:53:42 info: Servidor rodando na porta 3000
2024-08-18 20:53:42 info: Conectado ao MongoDB
2024-08-19 00:19:12 info: Servidor rodando na porta 3000
2024-08-19 00:19:12 info: Conectado ao MongoDB
2024-08-19 14:21:16 info: Servidor rodando na porta 3000
2024-08-19 14:21:16 info: Conectado ao MongoDB
2024-08-19 15:11:43 info: Servidor rodando na porta 3000
2024-08-19 15:11:43 info: Conectado ao MongoDB
